{"/Users/juliatokola/github/WebDev_Project/blogbud/backend/app.js": {"path":"/Users/juliatokola/github/WebDev_Project/blogbud/backend/app.js","statementMap":{"0":{"start":{"line":1,"column":0},"end":{"line":1,"column":27}},"1":{"start":{"line":2,"column":18},"end":{"line":2,"column":40}},"2":{"start":{"line":3,"column":16},"end":{"line":3,"column":34}},"3":{"start":{"line":4,"column":13},"end":{"line":4,"column":28}},"4":{"start":{"line":5,"column":13},"end":{"line":5,"column":28}},"5":{"start":{"line":6,"column":19},"end":{"line":6,"column":44}},"6":{"start":{"line":7,"column":19},"end":{"line":7,"column":44}},"7":{"start":{"line":8,"column":24},"end":{"line":8,"column":63}},"8":{"start":{"line":10,"column":12},"end":{"line":10,"column":21}},"9":{"start":{"line":12,"column":0},"end":{"line":12,"column":12}},"10":{"start":{"line":15,"column":0},"end":{"line":15,"column":16}},"11":{"start":{"line":16,"column":0},"end":{"line":16,"column":24}},"12":{"start":{"line":18,"column":0},"end":{"line":18,"column":39}},"13":{"start":{"line":20,"column":0},"end":{"line":20,"column":53}},"14":{"start":{"line":20,"column":27},"end":{"line":20,"column":51}},"15":{"start":{"line":23,"column":0},"end":{"line":23,"column":34}},"16":{"start":{"line":25,"column":0},"end":{"line":25,"column":34}},"17":{"start":{"line":27,"column":0},"end":{"line":27,"column":41}},"18":{"start":{"line":29,"column":0},"end":{"line":29,"column":38}},"19":{"start":{"line":31,"column":0},"end":{"line":31,"column":21}}},"fnMap":{"0":{"name":"(anonymous_0)","decl":{"start":{"line":20,"column":13},"end":{"line":20,"column":14}},"loc":{"start":{"line":20,"column":27},"end":{"line":20,"column":51}},"line":20}},"branchMap":{},"s":{"0":2,"1":2,"2":2,"3":2,"4":2,"5":2,"6":2,"7":2,"8":2,"9":2,"10":2,"11":2,"12":2,"13":2,"14":0,"15":2,"16":2,"17":2,"18":2,"19":2},"f":{"0":0},"b":{},"_coverageSchema":"1a1c01bbd47fc00a2c39e90264f33305004495a9","hash":"6a3f3c25f640c6bc05859741c9c45500bcd80ea4"}
,"/Users/juliatokola/github/WebDev_Project/blogbud/backend/config/db.js": {"path":"/Users/juliatokola/github/WebDev_Project/blogbud/backend/config/db.js","statementMap":{"0":{"start":{"line":1,"column":15},"end":{"line":1,"column":32}},"1":{"start":{"line":2,"column":0},"end":{"line":2,"column":16}},"2":{"start":{"line":4,"column":17},"end":{"line":4,"column":36}},"3":{"start":{"line":6,"column":18},"end":{"line":9,"column":1}},"4":{"start":{"line":7,"column":2},"end":{"line":7,"column":48}},"5":{"start":{"line":8,"column":2},"end":{"line":8,"column":39}},"6":{"start":{"line":11,"column":0},"end":{"line":11,"column":27}}},"fnMap":{"0":{"name":"(anonymous_0)","decl":{"start":{"line":6,"column":18},"end":{"line":6,"column":19}},"loc":{"start":{"line":6,"column":30},"end":{"line":9,"column":1}},"line":6}},"branchMap":{},"s":{"0":2,"1":2,"2":2,"3":2,"4":2,"5":2,"6":2},"f":{"0":2},"b":{},"_coverageSchema":"1a1c01bbd47fc00a2c39e90264f33305004495a9","hash":"4d4971ebdde90bef669aaa2275826a65cb71af45"}
,"/Users/juliatokola/github/WebDev_Project/blogbud/backend/controllers/blogController.js": {"path":"/Users/juliatokola/github/WebDev_Project/blogbud/backend/controllers/blogController.js","statementMap":{"0":{"start":{"line":1,"column":13},"end":{"line":1,"column":43}},"1":{"start":{"line":2,"column":17},"end":{"line":2,"column":36}},"2":{"start":{"line":5,"column":17},"end":{"line":13,"column":1}},"3":{"start":{"line":6,"column":2},"end":{"line":12,"column":3}},"4":{"start":{"line":7,"column":18},"end":{"line":7,"column":35}},"5":{"start":{"line":8,"column":4},"end":{"line":9,"column":1}},"6":{"start":{"line":11,"column":4},"end":{"line":11,"column":61}},"7":{"start":{"line":16,"column":16},"end":{"line":26,"column":1}},"8":{"start":{"line":17,"column":2},"end":{"line":25,"column":3}},"9":{"start":{"line":18,"column":17},"end":{"line":18,"column":51}},"10":{"start":{"line":19,"column":4},"end":{"line":21,"column":5}},"11":{"start":{"line":20,"column":6},"end":{"line":20,"column":63}},"12":{"start":{"line":22,"column":4},"end":{"line":22,"column":19}},"13":{"start":{"line":24,"column":4},"end":{"line":24,"column":61}},"14":{"start":{"line":29,"column":22},"end":{"line":47,"column":1}},"15":{"start":{"line":30,"column":2},"end":{"line":46,"column":3}},"16":{"start":{"line":31,"column":24},"end":{"line":31,"column":34}},"17":{"start":{"line":32,"column":4},"end":{"line":34,"column":5}},"18":{"start":{"line":33,"column":6},"end":{"line":33,"column":69}},"19":{"start":{"line":36,"column":18},"end":{"line":36,"column":55}},"20":{"start":{"line":38,"column":4},"end":{"line":40,"column":5}},"21":{"start":{"line":39,"column":6},"end":{"line":39,"column":86}},"22":{"start":{"line":42,"column":4},"end":{"line":42,"column":20}},"23":{"start":{"line":44,"column":4},"end":{"line":44,"column":60}},"24":{"start":{"line":45,"column":4},"end":{"line":45,"column":85}},"25":{"start":{"line":50,"column":21},"end":{"line":64,"column":1}},"26":{"start":{"line":51,"column":2},"end":{"line":63,"column":3}},"27":{"start":{"line":52,"column":16},"end":{"line":52,"column":30}},"28":{"start":{"line":53,"column":4},"end":{"line":55,"column":5}},"29":{"start":{"line":54,"column":6},"end":{"line":54,"column":65}},"30":{"start":{"line":58,"column":18},"end":{"line":58,"column":48}},"31":{"start":{"line":59,"column":4},"end":{"line":59,"column":20}},"32":{"start":{"line":61,"column":4},"end":{"line":61,"column":51}},"33":{"start":{"line":62,"column":4},"end":{"line":62,"column":61}},"34":{"start":{"line":68,"column":19},"end":{"line":81,"column":1}},"35":{"start":{"line":69,"column":2},"end":{"line":80,"column":3}},"36":{"start":{"line":70,"column":49},"end":{"line":70,"column":57}},"37":{"start":{"line":71,"column":4},"end":{"line":73,"column":5}},"38":{"start":{"line":72,"column":6},"end":{"line":72,"column":72}},"39":{"start":{"line":74,"column":20},"end":{"line":74,"column":92}},"40":{"start":{"line":75,"column":22},"end":{"line":75,"column":42}},"41":{"start":{"line":77,"column":4},"end":{"line":77,"column":36}},"42":{"start":{"line":79,"column":4},"end":{"line":79,"column":61}},"43":{"start":{"line":84,"column":19},"end":{"line":97,"column":1}},"44":{"start":{"line":86,"column":17},"end":{"line":86,"column":27}},"45":{"start":{"line":88,"column":2},"end":{"line":90,"column":5}},"46":{"start":{"line":89,"column":6},"end":{"line":89,"column":63}},"47":{"start":{"line":91,"column":17},"end":{"line":91,"column":56}},"48":{"start":{"line":93,"column":2},"end":{"line":95,"column":5}},"49":{"start":{"line":94,"column":6},"end":{"line":94,"column":67}},"50":{"start":{"line":96,"column":4},"end":{"line":96,"column":55}},"51":{"start":{"line":100,"column":18},"end":{"line":118,"column":1}},"52":{"start":{"line":101,"column":2},"end":{"line":117,"column":3}},"53":{"start":{"line":102,"column":17},"end":{"line":108,"column":5}},"54":{"start":{"line":110,"column":4},"end":{"line":112,"column":5}},"55":{"start":{"line":111,"column":6},"end":{"line":111,"column":63}},"56":{"start":{"line":114,"column":4},"end":{"line":114,"column":19}},"57":{"start":{"line":116,"column":4},"end":{"line":116,"column":61}},"58":{"start":{"line":121,"column":16},"end":{"line":137,"column":1}},"59":{"start":{"line":122,"column":2},"end":{"line":136,"column":3}},"60":{"start":{"line":123,"column":17},"end":{"line":127,"column":5}},"61":{"start":{"line":129,"column":4},"end":{"line":131,"column":5}},"62":{"start":{"line":130,"column":6},"end":{"line":130,"column":63}},"63":{"start":{"line":133,"column":4},"end":{"line":133,"column":19}},"64":{"start":{"line":135,"column":4},"end":{"line":135,"column":61}},"65":{"start":{"line":139,"column":0},"end":{"line":148,"column":2}}},"fnMap":{"0":{"name":"(anonymous_0)","decl":{"start":{"line":5,"column":17},"end":{"line":5,"column":18}},"loc":{"start":{"line":5,"column":37},"end":{"line":13,"column":1}},"line":5},"1":{"name":"(anonymous_1)","decl":{"start":{"line":16,"column":16},"end":{"line":16,"column":17}},"loc":{"start":{"line":16,"column":36},"end":{"line":26,"column":1}},"line":16},"2":{"name":"(anonymous_2)","decl":{"start":{"line":29,"column":22},"end":{"line":29,"column":23}},"loc":{"start":{"line":29,"column":42},"end":{"line":47,"column":1}},"line":29},"3":{"name":"(anonymous_3)","decl":{"start":{"line":50,"column":21},"end":{"line":50,"column":22}},"loc":{"start":{"line":50,"column":41},"end":{"line":64,"column":1}},"line":50},"4":{"name":"(anonymous_4)","decl":{"start":{"line":68,"column":19},"end":{"line":68,"column":20}},"loc":{"start":{"line":68,"column":39},"end":{"line":81,"column":1}},"line":68},"5":{"name":"(anonymous_5)","decl":{"start":{"line":84,"column":19},"end":{"line":84,"column":20}},"loc":{"start":{"line":84,"column":39},"end":{"line":97,"column":1}},"line":84},"6":{"name":"(anonymous_6)","decl":{"start":{"line":100,"column":18},"end":{"line":100,"column":19}},"loc":{"start":{"line":100,"column":38},"end":{"line":118,"column":1}},"line":100},"7":{"name":"(anonymous_7)","decl":{"start":{"line":121,"column":16},"end":{"line":121,"column":17}},"loc":{"start":{"line":121,"column":36},"end":{"line":137,"column":1}},"line":121}},"branchMap":{"0":{"loc":{"start":{"line":19,"column":4},"end":{"line":21,"column":5}},"type":"if","locations":[{"start":{"line":19,"column":4},"end":{"line":21,"column":5}},{"start":{},"end":{}}],"line":19},"1":{"loc":{"start":{"line":32,"column":4},"end":{"line":34,"column":5}},"type":"if","locations":[{"start":{"line":32,"column":4},"end":{"line":34,"column":5}},{"start":{},"end":{}}],"line":32},"2":{"loc":{"start":{"line":38,"column":4},"end":{"line":40,"column":5}},"type":"if","locations":[{"start":{"line":38,"column":4},"end":{"line":40,"column":5}},{"start":{},"end":{}}],"line":38},"3":{"loc":{"start":{"line":38,"column":8},"end":{"line":38,"column":36}},"type":"binary-expr","locations":[{"start":{"line":38,"column":8},"end":{"line":38,"column":14}},{"start":{"line":38,"column":18},"end":{"line":38,"column":36}}],"line":38},"4":{"loc":{"start":{"line":53,"column":4},"end":{"line":55,"column":5}},"type":"if","locations":[{"start":{"line":53,"column":4},"end":{"line":55,"column":5}},{"start":{},"end":{}}],"line":53},"5":{"loc":{"start":{"line":71,"column":4},"end":{"line":73,"column":5}},"type":"if","locations":[{"start":{"line":71,"column":4},"end":{"line":73,"column":5}},{"start":{},"end":{}}],"line":71},"6":{"loc":{"start":{"line":71,"column":8},"end":{"line":71,"column":50}},"type":"binary-expr","locations":[{"start":{"line":71,"column":8},"end":{"line":71,"column":14}},{"start":{"line":71,"column":18},"end":{"line":71,"column":23}},{"start":{"line":71,"column":27},"end":{"line":71,"column":34}},{"start":{"line":71,"column":38},"end":{"line":71,"column":50}}],"line":71},"7":{"loc":{"start":{"line":88,"column":2},"end":{"line":90,"column":5}},"type":"if","locations":[{"start":{"line":88,"column":2},"end":{"line":90,"column":5}},{"start":{},"end":{}}],"line":88},"8":{"loc":{"start":{"line":93,"column":2},"end":{"line":95,"column":5}},"type":"if","locations":[{"start":{"line":93,"column":2},"end":{"line":95,"column":5}},{"start":{},"end":{}}],"line":93},"9":{"loc":{"start":{"line":110,"column":4},"end":{"line":112,"column":5}},"type":"if","locations":[{"start":{"line":110,"column":4},"end":{"line":112,"column":5}},{"start":{},"end":{}}],"line":110},"10":{"loc":{"start":{"line":129,"column":4},"end":{"line":131,"column":5}},"type":"if","locations":[{"start":{"line":129,"column":4},"end":{"line":131,"column":5}},{"start":{},"end":{}}],"line":129}},"s":{"0":2,"1":2,"2":2,"3":1,"4":1,"5":1,"6":0,"7":2,"8":1,"9":1,"10":1,"11":0,"12":1,"13":0,"14":2,"15":0,"16":0,"17":0,"18":0,"19":0,"20":0,"21":0,"22":0,"23":0,"24":0,"25":2,"26":0,"27":0,"28":0,"29":0,"30":0,"31":0,"32":0,"33":0,"34":2,"35":6,"36":6,"37":6,"38":0,"39":6,"40":6,"41":6,"42":0,"43":2,"44":1,"45":1,"46":0,"47":1,"48":1,"49":0,"50":1,"51":2,"52":0,"53":0,"54":0,"55":0,"56":0,"57":0,"58":2,"59":1,"60":1,"61":1,"62":0,"63":1,"64":0,"65":2},"f":{"0":1,"1":1,"2":0,"3":0,"4":6,"5":1,"6":0,"7":1},"b":{"0":[0,1],"1":[0,0],"2":[0,0],"3":[0,0],"4":[0,0],"5":[0,6],"6":[6,6,6,6],"7":[0,1],"8":[0,1],"9":[0,0],"10":[0,1]},"_coverageSchema":"1a1c01bbd47fc00a2c39e90264f33305004495a9","hash":"ded4e498a9f0e90dce3f68a8bd493ba45a9f1b34"}
,"/Users/juliatokola/github/WebDev_Project/blogbud/backend/controllers/userController.js": {"path":"/Users/juliatokola/github/WebDev_Project/blogbud/backend/controllers/userController.js","statementMap":{"0":{"start":{"line":1,"column":12},"end":{"line":1,"column":35}},"1":{"start":{"line":2,"column":19},"end":{"line":2,"column":21}},"2":{"start":{"line":3,"column":15},"end":{"line":3,"column":32}},"3":{"start":{"line":4,"column":13},"end":{"line":4,"column":43}},"4":{"start":{"line":6,"column":20},"end":{"line":8,"column":3}},"5":{"start":{"line":7,"column":4},"end":{"line":7,"column":70}},"6":{"start":{"line":11,"column":16},"end":{"line":21,"column":1}},"7":{"start":{"line":12,"column":4},"end":{"line":20,"column":5}},"8":{"start":{"line":13,"column":21},"end":{"line":13,"column":55}},"9":{"start":{"line":14,"column":8},"end":{"line":16,"column":9}},"10":{"start":{"line":15,"column":12},"end":{"line":15,"column":69}},"11":{"start":{"line":17,"column":8},"end":{"line":17,"column":27}},"12":{"start":{"line":19,"column":8},"end":{"line":19,"column":65}},"13":{"start":{"line":23,"column":22},"end":{"line":39,"column":1}},"14":{"start":{"line":24,"column":4},"end":{"line":38,"column":5}},"15":{"start":{"line":25,"column":21},"end":{"line":29,"column":9}},"16":{"start":{"line":31,"column":8},"end":{"line":33,"column":9}},"17":{"start":{"line":32,"column":12},"end":{"line":32,"column":69}},"18":{"start":{"line":35,"column":8},"end":{"line":35,"column":23}},"19":{"start":{"line":37,"column":8},"end":{"line":37,"column":65}},"20":{"start":{"line":42,"column":20},"end":{"line":56,"column":1}},"21":{"start":{"line":43,"column":42},"end":{"line":43,"column":50}},"22":{"start":{"line":45,"column":4},"end":{"line":55,"column":5}},"23":{"start":{"line":46,"column":21},"end":{"line":46,"column":65}},"24":{"start":{"line":47,"column":8},"end":{"line":52,"column":9}},"25":{"start":{"line":48,"column":26},"end":{"line":48,"column":47}},"26":{"start":{"line":49,"column":12},"end":{"line":49,"column":76}},"27":{"start":{"line":51,"column":12},"end":{"line":51,"column":71}},"28":{"start":{"line":54,"column":8},"end":{"line":54,"column":53}},"29":{"start":{"line":59,"column":18},"end":{"line":83,"column":1}},"30":{"start":{"line":60,"column":35},"end":{"line":60,"column":43}},"31":{"start":{"line":62,"column":17},"end":{"line":62,"column":91}},"32":{"start":{"line":63,"column":4},"end":{"line":66,"column":5}},"33":{"start":{"line":64,"column":6},"end":{"line":64,"column":71}},"34":{"start":{"line":65,"column":6},"end":{"line":65,"column":80}},"35":{"start":{"line":68,"column":4},"end":{"line":68,"column":47}},"36":{"start":{"line":69,"column":4},"end":{"line":69,"column":53}},"37":{"start":{"line":70,"column":4},"end":{"line":70,"column":78}},"38":{"start":{"line":72,"column":26},"end":{"line":72,"column":71}},"39":{"start":{"line":74,"column":4},"end":{"line":74,"column":52}},"40":{"start":{"line":76,"column":4},"end":{"line":79,"column":5}},"41":{"start":{"line":77,"column":6},"end":{"line":77,"column":74}},"42":{"start":{"line":78,"column":6},"end":{"line":78,"column":100}},"43":{"start":{"line":81,"column":18},"end":{"line":81,"column":39}},"44":{"start":{"line":82,"column":4},"end":{"line":82,"column":133}},"45":{"start":{"line":86,"column":14},"end":{"line":98,"column":1}},"46":{"start":{"line":87,"column":30},"end":{"line":87,"column":41}},"47":{"start":{"line":89,"column":18},"end":{"line":89,"column":45}},"48":{"start":{"line":90,"column":4},"end":{"line":97,"column":5}},"49":{"start":{"line":91,"column":22},"end":{"line":91,"column":59}},"50":{"start":{"line":93,"column":19},"end":{"line":93,"column":66}},"51":{"start":{"line":94,"column":6},"end":{"line":94,"column":36}},"52":{"start":{"line":96,"column":6},"end":{"line":96,"column":52}},"53":{"start":{"line":101,"column":17},"end":{"line":108,"column":1}},"54":{"start":{"line":102,"column":4},"end":{"line":107,"column":5}},"55":{"start":{"line":103,"column":22},"end":{"line":103,"column":39}},"56":{"start":{"line":104,"column":8},"end":{"line":104,"column":24}},"57":{"start":{"line":106,"column":8},"end":{"line":106,"column":65}},"58":{"start":{"line":111,"column":16},"end":{"line":121,"column":1}},"59":{"start":{"line":112,"column":4},"end":{"line":120,"column":5}},"60":{"start":{"line":113,"column":21},"end":{"line":113,"column":55}},"61":{"start":{"line":114,"column":8},"end":{"line":116,"column":9}},"62":{"start":{"line":115,"column":12},"end":{"line":115,"column":69}},"63":{"start":{"line":117,"column":8},"end":{"line":117,"column":23}},"64":{"start":{"line":119,"column":8},"end":{"line":119,"column":65}},"65":{"start":{"line":124,"column":19},"end":{"line":134,"column":1}},"66":{"start":{"line":125,"column":4},"end":{"line":133,"column":5}},"67":{"start":{"line":126,"column":21},"end":{"line":126,"column":64}},"68":{"start":{"line":127,"column":8},"end":{"line":129,"column":9}},"69":{"start":{"line":128,"column":12},"end":{"line":128,"column":69}},"70":{"start":{"line":130,"column":8},"end":{"line":130,"column":59}},"71":{"start":{"line":132,"column":8},"end":{"line":132,"column":65}},"72":{"start":{"line":137,"column":18},"end":{"line":155,"column":1}},"73":{"start":{"line":138,"column":4},"end":{"line":154,"column":5}},"74":{"start":{"line":139,"column":21},"end":{"line":145,"column":9}},"75":{"start":{"line":147,"column":8},"end":{"line":149,"column":9}},"76":{"start":{"line":148,"column":12},"end":{"line":148,"column":69}},"77":{"start":{"line":151,"column":8},"end":{"line":151,"column":23}},"78":{"start":{"line":153,"column":8},"end":{"line":153,"column":65}},"79":{"start":{"line":158,"column":16},"end":{"line":174,"column":1}},"80":{"start":{"line":159,"column":4},"end":{"line":173,"column":5}},"81":{"start":{"line":160,"column":21},"end":{"line":164,"column":9}},"82":{"start":{"line":166,"column":8},"end":{"line":168,"column":9}},"83":{"start":{"line":167,"column":12},"end":{"line":167,"column":69}},"84":{"start":{"line":170,"column":8},"end":{"line":170,"column":23}},"85":{"start":{"line":172,"column":8},"end":{"line":172,"column":65}},"86":{"start":{"line":176,"column":0},"end":{"line":187,"column":2}}},"fnMap":{"0":{"name":"(anonymous_0)","decl":{"start":{"line":6,"column":20},"end":{"line":6,"column":21}},"loc":{"start":{"line":6,"column":29},"end":{"line":8,"column":3}},"line":6},"1":{"name":"(anonymous_1)","decl":{"start":{"line":11,"column":16},"end":{"line":11,"column":17}},"loc":{"start":{"line":11,"column":36},"end":{"line":21,"column":1}},"line":11},"2":{"name":"(anonymous_2)","decl":{"start":{"line":23,"column":22},"end":{"line":23,"column":23}},"loc":{"start":{"line":23,"column":42},"end":{"line":39,"column":1}},"line":23},"3":{"name":"(anonymous_3)","decl":{"start":{"line":42,"column":20},"end":{"line":42,"column":21}},"loc":{"start":{"line":42,"column":40},"end":{"line":56,"column":1}},"line":42},"4":{"name":"(anonymous_4)","decl":{"start":{"line":59,"column":18},"end":{"line":59,"column":19}},"loc":{"start":{"line":59,"column":38},"end":{"line":83,"column":1}},"line":59},"5":{"name":"(anonymous_5)","decl":{"start":{"line":86,"column":14},"end":{"line":86,"column":15}},"loc":{"start":{"line":86,"column":40},"end":{"line":98,"column":1}},"line":86},"6":{"name":"(anonymous_6)","decl":{"start":{"line":101,"column":17},"end":{"line":101,"column":18}},"loc":{"start":{"line":101,"column":35},"end":{"line":108,"column":1}},"line":101},"7":{"name":"(anonymous_7)","decl":{"start":{"line":111,"column":16},"end":{"line":111,"column":17}},"loc":{"start":{"line":111,"column":36},"end":{"line":121,"column":1}},"line":111},"8":{"name":"(anonymous_8)","decl":{"start":{"line":124,"column":19},"end":{"line":124,"column":20}},"loc":{"start":{"line":124,"column":39},"end":{"line":134,"column":1}},"line":124},"9":{"name":"(anonymous_9)","decl":{"start":{"line":137,"column":18},"end":{"line":137,"column":19}},"loc":{"start":{"line":137,"column":38},"end":{"line":155,"column":1}},"line":137},"10":{"name":"(anonymous_10)","decl":{"start":{"line":158,"column":16},"end":{"line":158,"column":17}},"loc":{"start":{"line":158,"column":36},"end":{"line":174,"column":1}},"line":158}},"branchMap":{"0":{"loc":{"start":{"line":14,"column":8},"end":{"line":16,"column":9}},"type":"if","locations":[{"start":{"line":14,"column":8},"end":{"line":16,"column":9}},{"start":{},"end":{}}],"line":14},"1":{"loc":{"start":{"line":31,"column":8},"end":{"line":33,"column":9}},"type":"if","locations":[{"start":{"line":31,"column":8},"end":{"line":33,"column":9}},{"start":{},"end":{}}],"line":31},"2":{"loc":{"start":{"line":47,"column":8},"end":{"line":52,"column":9}},"type":"if","locations":[{"start":{"line":47,"column":8},"end":{"line":52,"column":9}},{"start":{"line":50,"column":15},"end":{"line":52,"column":9}}],"line":47},"3":{"loc":{"start":{"line":63,"column":4},"end":{"line":66,"column":5}},"type":"if","locations":[{"start":{"line":63,"column":4},"end":{"line":66,"column":5}},{"start":{},"end":{}}],"line":63},"4":{"loc":{"start":{"line":76,"column":4},"end":{"line":79,"column":5}},"type":"if","locations":[{"start":{"line":76,"column":4},"end":{"line":79,"column":5}},{"start":{},"end":{}}],"line":76},"5":{"loc":{"start":{"line":114,"column":8},"end":{"line":116,"column":9}},"type":"if","locations":[{"start":{"line":114,"column":8},"end":{"line":116,"column":9}},{"start":{},"end":{}}],"line":114},"6":{"loc":{"start":{"line":127,"column":8},"end":{"line":129,"column":9}},"type":"if","locations":[{"start":{"line":127,"column":8},"end":{"line":129,"column":9}},{"start":{},"end":{}}],"line":127},"7":{"loc":{"start":{"line":147,"column":8},"end":{"line":149,"column":9}},"type":"if","locations":[{"start":{"line":147,"column":8},"end":{"line":149,"column":9}},{"start":{},"end":{}}],"line":147},"8":{"loc":{"start":{"line":166,"column":8},"end":{"line":168,"column":9}},"type":"if","locations":[{"start":{"line":166,"column":8},"end":{"line":168,"column":9}},{"start":{},"end":{}}],"line":166}},"s":{"0":2,"1":2,"2":2,"3":2,"4":2,"5":3,"6":2,"7":0,"8":0,"9":0,"10":0,"11":0,"12":0,"13":2,"14":0,"15":0,"16":0,"17":0,"18":0,"19":0,"20":2,"21":3,"22":3,"23":3,"24":2,"25":2,"26":2,"27":0,"28":1,"29":2,"30":2,"31":2,"32":2,"33":0,"34":0,"35":2,"36":2,"37":2,"38":2,"39":2,"40":2,"41":1,"42":1,"43":1,"44":1,"45":2,"46":0,"47":0,"48":0,"49":0,"50":0,"51":0,"52":0,"53":2,"54":0,"55":0,"56":0,"57":0,"58":2,"59":0,"60":0,"61":0,"62":0,"63":0,"64":0,"65":2,"66":0,"67":0,"68":0,"69":0,"70":0,"71":0,"72":2,"73":0,"74":0,"75":0,"76":0,"77":0,"78":0,"79":2,"80":0,"81":0,"82":0,"83":0,"84":0,"85":0,"86":2},"f":{"0":3,"1":0,"2":0,"3":3,"4":2,"5":0,"6":0,"7":0,"8":0,"9":0,"10":0},"b":{"0":[0,0],"1":[0,0],"2":[2,0],"3":[0,2],"4":[1,1],"5":[0,0],"6":[0,0],"7":[0,0],"8":[0,0]},"_coverageSchema":"1a1c01bbd47fc00a2c39e90264f33305004495a9","hash":"b062cb5809a6128782afd08a461291a4ec2f25ee"}
,"/Users/juliatokola/github/WebDev_Project/blogbud/backend/middleware/errorMiddleware.js": {"path":"/Users/juliatokola/github/WebDev_Project/blogbud/backend/middleware/errorMiddleware.js","statementMap":{"0":{"start":{"line":1,"column":22},"end":{"line":7,"column":3}},"1":{"start":{"line":2,"column":4},"end":{"line":2,"column":42}},"2":{"start":{"line":3,"column":4},"end":{"line":3,"column":40}},"3":{"start":{"line":4,"column":4},"end":{"line":4,"column":40}},"4":{"start":{"line":5,"column":4},"end":{"line":5,"column":22}},"5":{"start":{"line":6,"column":4},"end":{"line":6,"column":10}},"6":{"start":{"line":9,"column":26},"end":{"line":11,"column":3}},"7":{"start":{"line":10,"column":4},"end":{"line":10,"column":60}},"8":{"start":{"line":13,"column":23},"end":{"line":20,"column":3}},"9":{"start":{"line":14,"column":4},"end":{"line":14,"column":32}},"10":{"start":{"line":16,"column":4},"end":{"line":16,"column":25}},"11":{"start":{"line":17,"column":4},"end":{"line":19,"column":6}},"12":{"start":{"line":22,"column":2},"end":{"line":26,"column":3}}},"fnMap":{"0":{"name":"(anonymous_0)","decl":{"start":{"line":1,"column":22},"end":{"line":1,"column":23}},"loc":{"start":{"line":1,"column":51},"end":{"line":7,"column":3}},"line":1},"1":{"name":"(anonymous_1)","decl":{"start":{"line":9,"column":26},"end":{"line":9,"column":27}},"loc":{"start":{"line":9,"column":49},"end":{"line":11,"column":3}},"line":9},"2":{"name":"(anonymous_2)","decl":{"start":{"line":13,"column":23},"end":{"line":13,"column":24}},"loc":{"start":{"line":13,"column":59},"end":{"line":20,"column":3}},"line":13}},"branchMap":{},"s":{"0":2,"1":15,"2":15,"3":15,"4":15,"5":15,"6":2,"7":0,"8":2,"9":0,"10":0,"11":0,"12":2},"f":{"0":15,"1":0,"2":0},"b":{},"_coverageSchema":"1a1c01bbd47fc00a2c39e90264f33305004495a9","hash":"12be7b124f31427eff10fb5afdd91672199f2ac5"}
,"/Users/juliatokola/github/WebDev_Project/blogbud/backend/middleware/requireAuth.js": {"path":"/Users/juliatokola/github/WebDev_Project/blogbud/backend/middleware/requireAuth.js","statementMap":{"0":{"start":{"line":1,"column":12},"end":{"line":1,"column":35}},"1":{"start":{"line":2,"column":13},"end":{"line":2,"column":43}},"2":{"start":{"line":4,"column":16},"end":{"line":23,"column":1}},"3":{"start":{"line":5,"column":28},"end":{"line":5,"column":39}},"4":{"start":{"line":7,"column":2},"end":{"line":9,"column":3}},"5":{"start":{"line":8,"column":4},"end":{"line":8,"column":72}},"6":{"start":{"line":11,"column":16},"end":{"line":11,"column":43}},"7":{"start":{"line":13,"column":2},"end":{"line":22,"column":3}},"8":{"start":{"line":14,"column":20},"end":{"line":14,"column":57}},"9":{"start":{"line":16,"column":4},"end":{"line":16,"column":57}},"10":{"start":{"line":17,"column":4},"end":{"line":17,"column":35}},"11":{"start":{"line":18,"column":4},"end":{"line":18,"column":11}},"12":{"start":{"line":20,"column":4},"end":{"line":20,"column":23}},"13":{"start":{"line":21,"column":4},"end":{"line":21,"column":72}},"14":{"start":{"line":25,"column":0},"end":{"line":25,"column":29}}},"fnMap":{"0":{"name":"(anonymous_0)","decl":{"start":{"line":4,"column":16},"end":{"line":4,"column":17}},"loc":{"start":{"line":4,"column":42},"end":{"line":23,"column":1}},"line":4}},"branchMap":{"0":{"loc":{"start":{"line":7,"column":2},"end":{"line":9,"column":3}},"type":"if","locations":[{"start":{"line":7,"column":2},"end":{"line":9,"column":3}},{"start":{},"end":{}}],"line":7}},"s":{"0":2,"1":2,"2":2,"3":0,"4":0,"5":0,"6":0,"7":0,"8":0,"9":0,"10":0,"11":0,"12":0,"13":0,"14":2},"f":{"0":0},"b":{"0":[0,0]},"_coverageSchema":"1a1c01bbd47fc00a2c39e90264f33305004495a9","hash":"6c056d956c3abfe6da1b1a16182c928930c0a312"}
,"/Users/juliatokola/github/WebDev_Project/blogbud/backend/models/blogModel.js": {"path":"/Users/juliatokola/github/WebDev_Project/blogbud/backend/models/blogModel.js","statementMap":{"0":{"start":{"line":1,"column":17},"end":{"line":1,"column":36}},"1":{"start":{"line":3,"column":15},"end":{"line":3,"column":30}},"2":{"start":{"line":5,"column":19},"end":{"line":33,"column":24}},"3":{"start":{"line":35,"column":0},"end":{"line":35,"column":51}}},"fnMap":{},"branchMap":{},"s":{"0":2,"1":2,"2":2,"3":2},"f":{},"b":{},"_coverageSchema":"1a1c01bbd47fc00a2c39e90264f33305004495a9","hash":"57f41154926073c383eab45e80a7acf414f6d90d"}
,"/Users/juliatokola/github/WebDev_Project/blogbud/backend/models/userModel.js": {"path":"/Users/juliatokola/github/WebDev_Project/blogbud/backend/models/userModel.js","statementMap":{"0":{"start":{"line":1,"column":17},"end":{"line":1,"column":36}},"1":{"start":{"line":2,"column":18},"end":{"line":2,"column":38}},"2":{"start":{"line":3,"column":15},"end":{"line":3,"column":32}},"3":{"start":{"line":5,"column":15},"end":{"line":5,"column":30}},"4":{"start":{"line":7,"column":19},"end":{"line":28,"column":24}},"5":{"start":{"line":31,"column":0},"end":{"line":59,"column":2}},"6":{"start":{"line":33,"column":2},"end":{"line":35,"column":3}},"7":{"start":{"line":34,"column":4},"end":{"line":34,"column":45}},"8":{"start":{"line":37,"column":2},"end":{"line":39,"column":3}},"9":{"start":{"line":38,"column":4},"end":{"line":38,"column":35}},"10":{"start":{"line":41,"column":2},"end":{"line":41,"column":41}},"11":{"start":{"line":43,"column":2},"end":{"line":45,"column":3}},"12":{"start":{"line":44,"column":4},"end":{"line":44,"column":46}},"13":{"start":{"line":47,"column":17},"end":{"line":47,"column":46}},"14":{"start":{"line":49,"column":2},"end":{"line":51,"column":3}},"15":{"start":{"line":50,"column":4},"end":{"line":50,"column":40}},"16":{"start":{"line":53,"column":13},"end":{"line":53,"column":37}},"17":{"start":{"line":54,"column":13},"end":{"line":54,"column":46}},"18":{"start":{"line":56,"column":13},"end":{"line":56,"column":67}},"19":{"start":{"line":58,"column":0},"end":{"line":58,"column":12}},"20":{"start":{"line":85,"column":0},"end":{"line":101,"column":2}},"21":{"start":{"line":86,"column":2},"end":{"line":88,"column":3}},"22":{"start":{"line":87,"column":4},"end":{"line":87,"column":45}},"23":{"start":{"line":90,"column":15},"end":{"line":90,"column":47}},"24":{"start":{"line":91,"column":2},"end":{"line":93,"column":3}},"25":{"start":{"line":92,"column":4},"end":{"line":92,"column":38}},"26":{"start":{"line":95,"column":16},"end":{"line":95,"column":61}},"27":{"start":{"line":96,"column":2},"end":{"line":98,"column":3}},"28":{"start":{"line":97,"column":4},"end":{"line":97,"column":38}},"29":{"start":{"line":100,"column":2},"end":{"line":100,"column":14}},"30":{"start":{"line":105,"column":0},"end":{"line":105,"column":51}}},"fnMap":{"0":{"name":"(anonymous_0)","decl":{"start":{"line":31,"column":28},"end":{"line":31,"column":29}},"loc":{"start":{"line":31,"column":71},"end":{"line":59,"column":1}},"line":31},"1":{"name":"(anonymous_1)","decl":{"start":{"line":85,"column":27},"end":{"line":85,"column":28}},"loc":{"start":{"line":85,"column":63},"end":{"line":101,"column":1}},"line":85}},"branchMap":{"0":{"loc":{"start":{"line":33,"column":2},"end":{"line":35,"column":3}},"type":"if","locations":[{"start":{"line":33,"column":2},"end":{"line":35,"column":3}},{"start":{},"end":{}}],"line":33},"1":{"loc":{"start":{"line":33,"column":6},"end":{"line":33,"column":38}},"type":"binary-expr","locations":[{"start":{"line":33,"column":6},"end":{"line":33,"column":15}},{"start":{"line":33,"column":19},"end":{"line":33,"column":25}},{"start":{"line":33,"column":29},"end":{"line":33,"column":38}}],"line":33},"2":{"loc":{"start":{"line":37,"column":2},"end":{"line":39,"column":3}},"type":"if","locations":[{"start":{"line":37,"column":2},"end":{"line":39,"column":3}},{"start":{},"end":{}}],"line":37},"3":{"loc":{"start":{"line":43,"column":2},"end":{"line":45,"column":3}},"type":"if","locations":[{"start":{"line":43,"column":2},"end":{"line":45,"column":3}},{"start":{},"end":{}}],"line":43},"4":{"loc":{"start":{"line":49,"column":2},"end":{"line":51,"column":3}},"type":"if","locations":[{"start":{"line":49,"column":2},"end":{"line":51,"column":3}},{"start":{},"end":{}}],"line":49},"5":{"loc":{"start":{"line":86,"column":2},"end":{"line":88,"column":3}},"type":"if","locations":[{"start":{"line":86,"column":2},"end":{"line":88,"column":3}},{"start":{},"end":{}}],"line":86},"6":{"loc":{"start":{"line":86,"column":6},"end":{"line":86,"column":28}},"type":"binary-expr","locations":[{"start":{"line":86,"column":6},"end":{"line":86,"column":15}},{"start":{"line":86,"column":19},"end":{"line":86,"column":28}}],"line":86},"7":{"loc":{"start":{"line":91,"column":2},"end":{"line":93,"column":3}},"type":"if","locations":[{"start":{"line":91,"column":2},"end":{"line":93,"column":3}},{"start":{},"end":{}}],"line":91},"8":{"loc":{"start":{"line":96,"column":2},"end":{"line":98,"column":3}},"type":"if","locations":[{"start":{"line":96,"column":2},"end":{"line":98,"column":3}},{"start":{},"end":{}}],"line":96}},"s":{"0":2,"1":2,"2":2,"3":2,"4":2,"5":2,"6":3,"7":0,"8":3,"9":0,"10":3,"11":3,"12":1,"13":2,"14":2,"15":0,"16":2,"17":2,"18":2,"19":2,"20":2,"21":0,"22":0,"23":0,"24":0,"25":0,"26":0,"27":0,"28":0,"29":0,"30":2},"f":{"0":3,"1":0},"b":{"0":[0,3],"1":[3,3,3],"2":[0,3],"3":[1,2],"4":[0,2],"5":[0,0],"6":[0,0],"7":[0,0],"8":[0,0]},"_coverageSchema":"1a1c01bbd47fc00a2c39e90264f33305004495a9","hash":"e4db7c57d8e6c4a218d170b6fc443f3045acec5a"}
,"/Users/juliatokola/github/WebDev_Project/blogbud/backend/routes/blogs.js": {"path":"/Users/juliatokola/github/WebDev_Project/blogbud/backend/routes/blogs.js","statementMap":{"0":{"start":{"line":1,"column":16},"end":{"line":1,"column":34}},"1":{"start":{"line":11,"column":4},"end":{"line":11,"column":44}},"2":{"start":{"line":12,"column":20},"end":{"line":12,"column":56}},"3":{"start":{"line":14,"column":15},"end":{"line":14,"column":31}},"4":{"start":{"line":17,"column":0},"end":{"line":17,"column":25}},"5":{"start":{"line":20,"column":0},"end":{"line":20,"column":27}},"6":{"start":{"line":23,"column":0},"end":{"line":23,"column":52}},"7":{"start":{"line":26,"column":0},"end":{"line":26,"column":33}},"8":{"start":{"line":29,"column":0},"end":{"line":29,"column":28}},"9":{"start":{"line":32,"column":0},"end":{"line":32,"column":33}},"10":{"start":{"line":35,"column":0},"end":{"line":35,"column":31}},"11":{"start":{"line":38,"column":0},"end":{"line":38,"column":27}},"12":{"start":{"line":40,"column":0},"end":{"line":40,"column":23}}},"fnMap":{},"branchMap":{},"s":{"0":2,"1":2,"2":2,"3":2,"4":2,"5":2,"6":2,"7":2,"8":2,"9":2,"10":2,"11":2,"12":2},"f":{},"b":{},"_coverageSchema":"1a1c01bbd47fc00a2c39e90264f33305004495a9","hash":"199b2c8ea788f3d563cee4c46b7a67c6d7f07fb0"}
,"/Users/juliatokola/github/WebDev_Project/blogbud/backend/routes/users.js": {"path":"/Users/juliatokola/github/WebDev_Project/blogbud/backend/routes/users.js","statementMap":{"0":{"start":{"line":1,"column":16},"end":{"line":1,"column":34}},"1":{"start":{"line":13,"column":4},"end":{"line":13,"column":44}},"2":{"start":{"line":14,"column":20},"end":{"line":14,"column":56}},"3":{"start":{"line":16,"column":15},"end":{"line":16,"column":31}},"4":{"start":{"line":19,"column":0},"end":{"line":19,"column":35}},"5":{"start":{"line":22,"column":0},"end":{"line":22,"column":33}},"6":{"start":{"line":25,"column":0},"end":{"line":25,"column":41}},"7":{"start":{"line":27,"column":0},"end":{"line":27,"column":25}},"8":{"start":{"line":29,"column":0},"end":{"line":29,"column":27}},"9":{"start":{"line":31,"column":0},"end":{"line":31,"column":33}},"10":{"start":{"line":33,"column":0},"end":{"line":33,"column":31}},"11":{"start":{"line":35,"column":0},"end":{"line":35,"column":27}},"12":{"start":{"line":38,"column":0},"end":{"line":38,"column":33}},"13":{"start":{"line":40,"column":0},"end":{"line":40,"column":37}},"14":{"start":{"line":42,"column":0},"end":{"line":42,"column":23}}},"fnMap":{},"branchMap":{},"s":{"0":2,"1":2,"2":2,"3":2,"4":2,"5":2,"6":2,"7":2,"8":2,"9":2,"10":2,"11":2,"12":2,"13":2,"14":2},"f":{},"b":{},"_coverageSchema":"1a1c01bbd47fc00a2c39e90264f33305004495a9","hash":"79485ee50e9c6e24930fd1d47a95092968c88b3b"}
}
