TN:
SF:app.js
FN:20,(anonymous_0)
FNF:1
FNH:0
FNDA:0,(anonymous_0)
DA:1,2
DA:2,2
DA:3,2
DA:4,2
DA:5,2
DA:6,2
DA:7,2
DA:8,2
DA:10,2
DA:12,2
DA:15,2
DA:16,2
DA:18,2
DA:20,2
DA:23,2
DA:25,2
DA:27,2
DA:29,2
DA:31,2
LF:19
LH:19
BRF:0
BRH:0
end_of_record
TN:
SF:config/db.js
FN:6,(anonymous_0)
FNF:1
FNH:1
FNDA:2,(anonymous_0)
DA:1,2
DA:2,2
DA:4,2
DA:6,2
DA:7,2
DA:8,2
DA:11,2
LF:7
LH:7
BRF:0
BRH:0
end_of_record
TN:
SF:controllers/blogController.js
FN:5,(anonymous_0)
FN:16,(anonymous_1)
FN:29,(anonymous_2)
FN:50,(anonymous_3)
FN:68,(anonymous_4)
FN:84,(anonymous_5)
FN:100,(anonymous_6)
FN:121,(anonymous_7)
FNF:8
FNH:5
FNDA:1,(anonymous_0)
FNDA:1,(anonymous_1)
FNDA:0,(anonymous_2)
FNDA:0,(anonymous_3)
FNDA:6,(anonymous_4)
FNDA:1,(anonymous_5)
FNDA:0,(anonymous_6)
FNDA:1,(anonymous_7)
DA:1,2
DA:2,2
DA:5,2
DA:6,1
DA:7,1
DA:8,1
DA:11,0
DA:16,2
DA:17,1
DA:18,1
DA:19,1
DA:20,0
DA:22,1
DA:24,0
DA:29,2
DA:30,0
DA:31,0
DA:32,0
DA:33,0
DA:36,0
DA:38,0
DA:39,0
DA:42,0
DA:44,0
DA:45,0
DA:50,2
DA:51,0
DA:52,0
DA:53,0
DA:54,0
DA:58,0
DA:59,0
DA:61,0
DA:62,0
DA:68,2
DA:69,6
DA:70,6
DA:71,6
DA:72,0
DA:74,6
DA:75,6
DA:77,6
DA:79,0
DA:84,2
DA:86,1
DA:88,1
DA:89,0
DA:91,1
DA:93,1
DA:94,0
DA:96,1
DA:100,2
DA:101,0
DA:102,0
DA:110,0
DA:111,0
DA:114,0
DA:116,0
DA:121,2
DA:122,1
DA:123,1
DA:129,1
DA:130,0
DA:133,1
DA:135,0
DA:139,2
LF:66
LH:33
BRDA:19,0,0,0
BRDA:19,0,1,1
BRDA:32,1,0,0
BRDA:32,1,1,0
BRDA:38,2,0,0
BRDA:38,2,1,0
BRDA:38,3,0,0
BRDA:38,3,1,0
BRDA:53,4,0,0
BRDA:53,4,1,0
BRDA:71,5,0,0
BRDA:71,5,1,6
BRDA:71,6,0,6
BRDA:71,6,1,6
BRDA:71,6,2,6
BRDA:71,6,3,6
BRDA:88,7,0,0
BRDA:88,7,1,1
BRDA:93,8,0,0
BRDA:93,8,1,1
BRDA:110,9,0,0
BRDA:110,9,1,0
BRDA:129,10,0,0
BRDA:129,10,1,1
BRF:24
BRH:9
end_of_record
TN:
SF:controllers/userController.js
FN:6,(anonymous_0)
FN:11,(anonymous_1)
FN:23,(anonymous_2)
FN:42,(anonymous_3)
FN:59,(anonymous_4)
FN:86,(anonymous_5)
FN:101,(anonymous_6)
FN:111,(anonymous_7)
FN:124,(anonymous_8)
FN:137,(anonymous_9)
FN:158,(anonymous_10)
FNF:11
FNH:3
FNDA:3,(anonymous_0)
FNDA:0,(anonymous_1)
FNDA:0,(anonymous_2)
FNDA:3,(anonymous_3)
FNDA:2,(anonymous_4)
FNDA:0,(anonymous_5)
FNDA:0,(anonymous_6)
FNDA:0,(anonymous_7)
FNDA:0,(anonymous_8)
FNDA:0,(anonymous_9)
FNDA:0,(anonymous_10)
DA:1,2
DA:2,2
DA:3,2
DA:4,2
DA:6,2
DA:7,3
DA:11,2
DA:12,0
DA:13,0
DA:14,0
DA:15,0
DA:17,0
DA:19,0
DA:23,2
DA:24,0
DA:25,0
DA:31,0
DA:32,0
DA:35,0
DA:37,0
DA:42,2
DA:43,3
DA:45,3
DA:46,3
DA:47,2
DA:48,2
DA:49,2
DA:51,0
DA:54,1
DA:59,2
DA:60,2
DA:62,2
DA:63,2
DA:64,0
DA:65,0
DA:68,2
DA:69,2
DA:70,2
DA:72,2
DA:74,2
DA:76,2
DA:77,1
DA:78,1
DA:81,1
DA:82,1
DA:86,2
DA:87,0
DA:89,0
DA:90,0
DA:91,0
DA:93,0
DA:94,0
DA:96,0
DA:101,2
DA:102,0
DA:103,0
DA:104,0
DA:106,0
DA:111,2
DA:112,0
DA:113,0
DA:114,0
DA:115,0
DA:117,0
DA:119,0
DA:124,2
DA:125,0
DA:126,0
DA:127,0
DA:128,0
DA:130,0
DA:132,0
DA:137,2
DA:138,0
DA:139,0
DA:147,0
DA:148,0
DA:151,0
DA:153,0
DA:158,2
DA:159,0
DA:160,0
DA:166,0
DA:167,0
DA:170,0
DA:172,0
DA:176,2
LF:87
LH:37
BRDA:14,0,0,0
BRDA:14,0,1,0
BRDA:31,1,0,0
BRDA:31,1,1,0
BRDA:47,2,0,2
BRDA:47,2,1,0
BRDA:63,3,0,0
BRDA:63,3,1,2
BRDA:76,4,0,1
BRDA:76,4,1,1
BRDA:114,5,0,0
BRDA:114,5,1,0
BRDA:127,6,0,0
BRDA:127,6,1,0
BRDA:147,7,0,0
BRDA:147,7,1,0
BRDA:166,8,0,0
BRDA:166,8,1,0
BRF:18
BRH:4
end_of_record
TN:
SF:middleware/errorMiddleware.js
FN:1,(anonymous_0)
FN:9,(anonymous_1)
FN:13,(anonymous_2)
FNF:3
FNH:1
FNDA:15,(anonymous_0)
FNDA:0,(anonymous_1)
FNDA:0,(anonymous_2)
DA:1,2
DA:2,15
DA:3,15
DA:4,15
DA:5,15
DA:6,15
DA:9,2
DA:10,0
DA:13,2
DA:14,0
DA:16,0
DA:17,0
DA:22,2
LF:13
LH:9
BRF:0
BRH:0
end_of_record
TN:
SF:middleware/requireAuth.js
FN:4,(anonymous_0)
FNF:1
FNH:0
FNDA:0,(anonymous_0)
DA:1,2
DA:2,2
DA:4,2
DA:5,0
DA:7,0
DA:8,0
DA:11,0
DA:13,0
DA:14,0
DA:16,0
DA:17,0
DA:18,0
DA:20,0
DA:21,0
DA:25,2
LF:15
LH:4
BRDA:7,0,0,0
BRDA:7,0,1,0
BRF:2
BRH:0
end_of_record
TN:
SF:models/blogModel.js
FNF:0
FNH:0
DA:1,2
DA:3,2
DA:5,2
DA:35,2
LF:4
LH:4
BRF:0
BRH:0
end_of_record
TN:
SF:models/userModel.js
FN:31,(anonymous_0)
FN:85,(anonymous_1)
FNF:2
FNH:1
FNDA:3,(anonymous_0)
FNDA:0,(anonymous_1)
DA:1,2
DA:2,2
DA:3,2
DA:5,2
DA:7,2
DA:31,2
DA:33,3
DA:34,0
DA:37,3
DA:38,0
DA:41,3
DA:43,3
DA:44,1
DA:47,2
DA:49,2
DA:50,0
DA:53,2
DA:54,2
DA:56,2
DA:58,2
DA:85,2
DA:86,0
DA:87,0
DA:90,0
DA:91,0
DA:92,0
DA:95,0
DA:96,0
DA:97,0
DA:100,0
DA:105,2
LF:31
LH:19
BRDA:33,0,0,0
BRDA:33,0,1,3
BRDA:33,1,0,3
BRDA:33,1,1,3
BRDA:33,1,2,3
BRDA:37,2,0,0
BRDA:37,2,1,3
BRDA:43,3,0,1
BRDA:43,3,1,2
BRDA:49,4,0,0
BRDA:49,4,1,2
BRDA:86,5,0,0
BRDA:86,5,1,0
BRDA:86,6,0,0
BRDA:86,6,1,0
BRDA:91,7,0,0
BRDA:91,7,1,0
BRDA:96,8,0,0
BRDA:96,8,1,0
BRF:19
BRH:8
end_of_record
TN:
SF:routes/blogs.js
FNF:0
FNH:0
DA:1,2
DA:11,2
DA:12,2
DA:14,2
DA:17,2
DA:20,2
DA:23,2
DA:26,2
DA:29,2
DA:32,2
DA:35,2
DA:38,2
DA:40,2
LF:13
LH:13
BRF:0
BRH:0
end_of_record
TN:
SF:routes/users.js
FNF:0
FNH:0
DA:1,2
DA:13,2
DA:14,2
DA:16,2
DA:19,2
DA:22,2
DA:25,2
DA:27,2
DA:29,2
DA:31,2
DA:33,2
DA:35,2
DA:38,2
DA:40,2
DA:42,2
LF:15
LH:15
BRF:0
BRH:0
end_of_record
